d:\game\maingame\x64\release\vc143.pdb
d:\game\maingame\x64\release\window.obj
d:\game\maingame\x64\release\test.obj
d:\game\maingame\x64\release\slime.obj
d:\game\maingame\x64\release\mainmenu.obj
d:\game\maingame\x64\release\main.obj
d:\game\maingame\x64\release\knight.obj
d:\game\maingame\x64\release\game.obj
d:\game\maingame\x64\release\bullet.obj
d:\game\maingame\x64\release\game.ipdb
d:\game\maingame\x64\release\game.iobj
d:\game\maingame\x64\release\game.exe
d:\game\maingame\x64\release\game.pdb
d:\game\maingame\x64\release\game.tlog\cl.command.1.tlog
d:\game\maingame\x64\release\game.tlog\cl.read.1.tlog
d:\game\maingame\x64\release\game.tlog\cl.write.1.tlog
d:\game\maingame\x64\release\game.tlog\game.write.1u.tlog
d:\game\maingame\x64\release\game.tlog\link.command.1.tlog
d:\game\maingame\x64\release\game.tlog\link.read.1.tlog
d:\game\maingame\x64\release\game.tlog\link.write.1.tlog
